<?xml version='1.0' encoding='UTF-8'?>
<testsuites tests="1" failures="0" errors="0" skipped="0" time="0.726">
        <testsuite name="app.ExampleTests" tests="1" failures="0" errors="0" skipped="0" time="0.726" timestamp="2025-10-15T15:35:38">
        <properties>
        
      </properties>
        <testcase classname="app.ExampleTests" name="Zadanie_1" time="0.726">
          
        </testcase>
      </testsuite>
      </testsuites>